d:\git档案库(part)\操作系统实验六\x64\debug\windows内存修改工具.bsc
d:\git档案库(part)\操作系统实验六\操作系统实验六\x64\debug\vc120.pdb
d:\git档案库(part)\操作系统实验六\操作系统实验六\x64\debug\vc120.idb
d:\git档案库(part)\操作系统实验六\操作系统实验六\x64\debug\virtualmemory.sbr
d:\git档案库(part)\操作系统实验六\操作系统实验六\x64\debug\main.sbr
d:\git档案库(part)\操作系统实验六\操作系统实验六\x64\debug\file.sbr
d:\git档案库(part)\操作系统实验六\操作系统实验六\x64\debug\file.obj
d:\git档案库(part)\操作系统实验六\操作系统实验六\x64\debug\main.obj
d:\git档案库(part)\操作系统实验六\操作系统实验六\x64\debug\virtualmemory.obj
d:\git档案库(part)\操作系统实验六\x64\debug\windows内存修改工具.ilk
d:\git档案库(part)\操作系统实验六\x64\debug\windows内存修改工具.exe
d:\git档案库(part)\操作系统实验六\x64\debug\windows内存修改工具.pdb
d:\git档案库(part)\操作系统实验六\操作系统实验六\x64\debug\windows内存修改工具.tlog\bscmake.command.1.tlog
d:\git档案库(part)\操作系统实验六\操作系统实验六\x64\debug\windows内存修改工具.tlog\bscmake.read.1.tlog
d:\git档案库(part)\操作系统实验六\操作系统实验六\x64\debug\windows内存修改工具.tlog\bscmake.write.1.tlog
d:\git档案库(part)\操作系统实验六\操作系统实验六\x64\debug\windows内存修改工具.tlog\cl.command.1.tlog
d:\git档案库(part)\操作系统实验六\操作系统实验六\x64\debug\windows内存修改工具.tlog\cl.read.1.tlog
d:\git档案库(part)\操作系统实验六\操作系统实验六\x64\debug\windows内存修改工具.tlog\cl.write.1.tlog
d:\git档案库(part)\操作系统实验六\操作系统实验六\x64\debug\windows内存修改工具.tlog\link.command.1.tlog
d:\git档案库(part)\操作系统实验六\操作系统实验六\x64\debug\windows内存修改工具.tlog\link.read.1.tlog
d:\git档案库(part)\操作系统实验六\操作系统实验六\x64\debug\windows内存修改工具.tlog\link.write.1.tlog
