生成启动时间为 7/25/2016 12:33:19 AM。
     1>项目“D:\git档案库(part)\windows内存修改工具\windows内存修改工具\windows内存修改工具.vcxproj”在节点 2 上(Build 个目标)。
     1>ClCompile:
         D:\Program Files (x86)\Microsoft Visual Studio 12.0\VC\bin\x86_amd64\CL.exe /c /Zi /nologo /W3 /WX- /Od /D _DEBUG /D _CONSOLE /D _MBCS /Gm /EHsc /RTC1 /MDd /GS /fp:precise /Zc:wchar_t /Zc:forScope /Fo"x64\Debug\\" /Fd"x64\Debug\vc120.pdb" /FR"x64\Debug\\" /Gd /TP /errorReport:prompt Main.cpp virtualmemory.cpp
         virtualmemory.cpp
     1>virtualmemory.cpp(503): warning C4244: “初始化”: 从“SIZE_T”转换到“int”，可能丢失数据
     1>virtualmemory.cpp(573): warning C4267: “初始化”: 从“size_t”转换到“int”，可能丢失数据
     1>virtualmemory.cpp(666): warning C4244: “=”: 从“SIZE_T”转换到“DWORD”，可能丢失数据
     1>virtualmemory.cpp(891): warning C4267: “=”: 从“size_t”转换到“int”，可能丢失数据
     1>virtualmemory.cpp(1064): warning C4267: “=”: 从“size_t”转换到“int”，可能丢失数据
         Main.cpp
     1>Main.cpp(322): warning C4996: 'scanf': This function or variable may be unsafe. Consider using scanf_s instead. To disable deprecation, use _CRT_SECURE_NO_WARNINGS. See online help for details.
                 D:\Program Files (x86)\Microsoft Visual Studio 12.0\VC\include\stdio.h(283) : 参见“scanf”的声明
     1>Main.cpp(310): warning C4101: “PidNumber”: 未引用的局部变量
         正在生成代码...
       Link:
         D:\Program Files (x86)\Microsoft Visual Studio 12.0\VC\bin\x86_amd64\link.exe /ERRORREPORT:PROMPT /OUT:"D:\git档案库(part)\windows内存修改工具\x64\Debug\windows内存修改工具.exe" /INCREMENTAL /NOLOGO kernel32.lib user32.lib gdi32.lib winspool.lib comdlg32.lib advapi32.lib shell32.lib ole32.lib oleaut32.lib uuid.lib odbc32.lib odbccp32.lib /MANIFEST /MANIFESTUAC:"level='requireAdministrator' uiAccess='false'" /manifest:embed /DEBUG /PDB:"D:\git档案库(part)\windows内存修改工具\x64\Debug\windows内存修改工具.pdb" /SUBSYSTEM:CONSOLE /TLBID:1 /DYNAMICBASE /NXCOMPAT /IMPLIB:"D:\git档案库(part)\windows内存修改工具\x64\Debug\windows内存修改工具.lib" /MACHINE:X64 x64\Debug\file.obj
         x64\Debug\Main.obj
         x64\Debug\virtualmemory.obj
         windows内存修改工具.vcxproj -> D:\git档案库(part)\windows内存修改工具\x64\Debug\windows内存修改工具.exe
       BscMake:
         D:\Program Files (x86)\Microsoft Visual Studio 12.0\VC\bin\bscmake.exe /nologo /o"D:\git档案库(part)\windows内存修改工具\x64\Debug\windows内存修改工具.bsc" /n x64\Debug\file.sbr x64\Debug\Main.sbr x64\Debug\virtualmemory.sbr
     1>已完成生成项目“D:\git档案库(part)\windows内存修改工具\windows内存修改工具\windows内存修改工具.vcxproj”(Build 个目标)的操作。

生成成功。

已用时间 00:00:09.25
